<?xml version="1.0" encoding="UTF-8"?>
<!-- Generated by org.testng.reporters.JUnitXMLReporter -->
<testsuite hostname="DESKTOP-E639F34" name="Default test" tests="4" failures="0" timestamp="3 Dec 2020 13:55:47 GMT" time="1927.045" errors="0">
  <testcase name="TC001_HealerProcess" time="1010.334" classname="commonMethods.Testcases"/>
  <testcase name="TC002_AdminPage" time="29.829" classname="commonMethods.Testcases"/>
  <testcase name="TC003_HealerVerification" time="27.173" classname="commonMethods.Testcases"/>
  <testcase name="TC004_CustomerProcess" time="851.172" classname="commonMethods.Testcases"/>
</testsuite> <!-- Default test -->
