<?xml version="1.0" encoding="UTF-8"?>
<!-- Generated by org.testng.reporters.JUnitXMLReporter -->
<testsuite hostname="DESKTOP-E639F34" name="Default test" tests="3" failures="0" timestamp="27 Nov 2020 09:40:38 GMT" time="695.949" errors="0">
  <testcase name="TC001_HealerProcess" time="635.405" classname="commonMethods.Testcases"/>
  <testcase name="TC002_AdminPage" time="32.351" classname="commonMethods.Testcases"/>
  <testcase name="TC003_HealerVerification" time="20.024" classname="commonMethods.Testcases"/>
</testsuite> <!-- Default test -->
