<?xml version="1.0" encoding="UTF-8"?>
<!-- Generated by org.testng.reporters.JUnitXMLReporter -->
<testsuite hostname="DESKTOP-E639F34" name="Test" tests="3" failures="2" timestamp="26 Nov 2020 14:40:47 GMT" time="278.103" errors="0">
  <testcase name="TC001_HealerProcess" time="91.817" classname="commonMethods.Testcases">
    <failure type="java.lang.AssertionError" message="null">
      <![CDATA[java.lang.AssertionError: null
	at commonMethods.Keywords.click(Keywords.java:161)
	at scripts.HealerActions.first_ClassService(HealerActions.java:217)
	at commonMethods.Testcases.TC001_HealerProcess(Testcases.java:64)
... Removed 29 stack frames]]>
    </failure>
  </testcase> <!-- TC001_HealerProcess -->
  <testcase name="TC002_AdminPage" time="127.218" classname="commonMethods.Testcases">
    <failure type="java.lang.AssertionError" message="null">
      <![CDATA[java.lang.AssertionError: null
	at commonMethods.Keywords.waitForElement(Keywords.java:142)
	at scripts.AdminActions.healerAccountVerify(AdminActions.java:27)
	at commonMethods.Testcases.TC002_AdminPage(Testcases.java:76)
... Removed 29 stack frames]]>
    </failure>
  </testcase> <!-- TC002_AdminPage -->
  <testcase name="TC003_HealerVerification" time="50.098" classname="commonMethods.Testcases"/>
</testsuite> <!-- Test -->
