<?xml version="1.0" encoding="UTF-8"?>
<testsuite xmlns:xsi="http://www.w3.org/2001/XMLSchema-instance" xsi:noNamespaceSchemaLocation="https://maven.apache.org/surefire/maven-surefire-plugin/xsd/surefire-test-report.xsd" name="TestSuite" time="15.061" tests="10" errors="0" skipped="8" failures="2">
  <properties>
[...]
</properties>
  <testcase name="getDataFromConfig" classname="commonMethods.Testcases" time="10.187">
    <failure message="unknown error: cannot find Chrome binary&#10;  (Driver info: chromedriver=2.36.540470 (e522d04694c7ebea4ba8821272dbef4f9b818c91),platform=Windows NT 10.0.18363 x86_64) (WARNING: The server did not provide any stacktrace information)&#10;Command duration or timeout: 84 milliseconds&#10;Build info: version: &apos;3.10.0&apos;, revision: &apos;176b4a9&apos;, time: &apos;2018-03-02T19:03:16.397Z&apos;&#10;System info: host: &apos;DESKTOP-E639F34&apos;, ip: &apos;192.168.1.47&apos;, os.name: &apos;Windows 10&apos;, os.arch: &apos;amd64&apos;, os.version: &apos;10.0&apos;, java.version: &apos;1.8.0_201&apos;&#10;Driver info: driver.version: ChromeDriver" type="org.openqa.selenium.WebDriverException">org.openqa.selenium.WebDriverException: 
unknown error: cannot find Chrome binary
  (Driver info: chromedriver=2.36.540470 (e522d04694c7ebea4ba8821272dbef4f9b818c91),platform=Windows NT 10.0.18363 x86_64) (WARNING: The server did not provide any stacktrace information)
Command duration or timeout: 84 milliseconds
Build info: version: '3.10.0', revision: '176b4a9', time: '2018-03-02T19:03:16.397Z'
System info: host: 'DESKTOP-E639F34', ip: '192.168.1.47', os.name: 'Windows 10', os.arch: 'amd64', os.version: '10.0', java.version: '1.8.0_201'
Driver info: driver.version: ChromeDriver
	at commonMethods.Testcases.getDataFromConfig(Testcases.java:48)
</failure>
    <system-out><![CDATA[[TestNGContentHandler] [WARN] It is strongly recommended to add "<!DOCTYPE suite SYSTEM "http://testng.org/testng-1.0.dtd" >" at the top of your file, otherwise TestNG may fail or not work as expected.
https://www.flipkart.com/
]]></system-out>
    <system-err><![CDATA[Starting ChromeDriver 2.36.540470 (e522d04694c7ebea4ba8821272dbef4f9b818c91) on port 47586
Only local connections are allowed.
]]></system-err>
  </testcase>
  <testcase name="productSearch" classname="commonMethods.Testcases" time="0">
    <skipped/>
  </testcase>
  <testcase name="productSelect" classname="commonMethods.Testcases" time="0">
    <skipped/>
  </testcase>
  <testcase name="productShopping" classname="commonMethods.Testcases" time="0">
    <skipped/>
  </testcase>
  <testcase name="productCart" classname="commonMethods.Testcases" time="0">
    <skipped/>
  </testcase>
  <testcase name="Login" classname="commonMethods.Testcases" time="0">
    <skipped/>
  </testcase>
  <testcase name="productDeliver" classname="commonMethods.Testcases" time="0">
    <skipped/>
  </testcase>
  <testcase name="productRemove" classname="commonMethods.Testcases" time="0">
    <skipped/>
  </testcase>
  <testcase name="Logout" classname="commonMethods.Testcases" time="0">
    <skipped/>
  </testcase>
  <testcase name="teardown" classname="commonMethods.Testcases" time="0.005">
    <failure type="java.lang.NullPointerException">java.lang.NullPointerException
	at commonMethods.Testcases.teardown(Testcases.java:100)
</failure>
  </testcase>
</testsuite>