<?xml version="1.0" encoding="UTF-8"?>
<testsuite xmlns:xsi="http://www.w3.org/2001/XMLSchema-instance" xsi:noNamespaceSchemaLocation="https://maven.apache.org/surefire/maven-surefire-plugin/xsd/surefire-test-report.xsd" name="TestSuite" time="285.81" tests="3" errors="0" skipped="0" failures="2">
  <properties>
[...]
</properties>
  <testcase name="TC001_HealerProcess" classname="commonMethods.Testcases" time="91.828">
    <failure type="java.lang.AssertionError:">java.lang.AssertionError: null
	at commonMethods.Testcases.TC001_HealerProcess(Testcases.java:64)
</failure>
    <system-out><![CDATA[[TestNGContentHandler] [WARN] It is strongly recommended to add "<!DOCTYPE suite SYSTEM "http://testng.org/testng-1.0.dtd" >" at the top of your file, otherwise TestNG may fail or not work as expected.
Browser launched...
]]></system-out>
    <system-err><![CDATA[Starting ChromeDriver 86.0.4240.22 (398b0743353ff36fb1b82468f63a3a93b4e2e89e-refs/branch-heads/4240@{#378}) on port 7537
Only local connections are allowed.
Please see https://chromedriver.chromium.org/security-considerations for suggestions on keeping ChromeDriver safe.
ChromeDriver was started successfully.
[1606401372.933][WARNING]: This version of ChromeDriver has not been tested with Chrome version 87.
Nov 26, 2020 8:06:15 PM org.openqa.selenium.remote.ProtocolHandshake createSession
INFO: Detected dialect: W3C
]]></system-err>
  </testcase>
  <testcase name="TC002_AdminPage" classname="commonMethods.Testcases" time="127.214">
    <failure type="java.lang.AssertionError:">java.lang.AssertionError: null
	at commonMethods.Testcases.TC002_AdminPage(Testcases.java:76)
</failure>
    <system-err><![CDATA[[1606401550.528][SEVERE]: Timed out receiving message from renderer: 10.000
[1606401550.529][WARNING]: screenshot failed, retrying timeout: Timed out receiving message from renderer: 10.000
[1606401560.529][SEVERE]: Timed out receiving message from renderer: 10.000
[1606401570.538][SEVERE]: Timed out receiving message from renderer: 10.000
[1606401570.538][WARNING]: screenshot failed, retrying timeout: Timed out receiving message from renderer: 10.000
[1606401580.538][SEVERE]: Timed out receiving message from renderer: 10.000
[1606401590.546][SEVERE]: Timed out receiving message from renderer: 10.000
[1606401590.546][WARNING]: screenshot failed, retrying timeout: Timed out receiving message from renderer: 10.000
]]></system-err>
  </testcase>
  <testcase name="TC003_HealerVerification" classname="commonMethods.Testcases" time="50.097"/>
</testsuite>